build/app/outputs/mapping/release/mapping.txt
# compiler: R8
# compiler_version: 1.5.64
# min_api: 21
# pg_map_id: 7ad4775
...
io.grpc.internal.ServiceConfigUtil$LbConfig -> c.b.n1.b2$a:
    java.util.Map rawConfigValue -> b
    java.lang.String policyName -> a
    java.lang.String getPolicyName() -> a
    java.util.Map getRawConfigValue() -> b
io.grpc.internal.SharedResourceHolder -> c.b.n1.c2:
    io.grpc.internal.SharedResourceHolder holder -> d
    java.util.IdentityHashMap instances -> a
    io.grpc.internal.SharedResourceHolder$ScheduledExecutorFactory destroyerFactory -> b
    java.util.concurrent.ScheduledExecutorService destroyer -> c
    java.util.IdentityHashMap access$000(io.grpc.internal.SharedResourceHolder) -> a
    java.util.concurrent.ScheduledExecutorService access$102(io.grpc.internal.SharedResourceHolder,java.util.concurrent.ScheduledExecutorService) -> a
    java.lang.Object getInternal(io.grpc.internal.SharedResourceHolder$Resource) -> a
    java.lang.Object releaseInternal(io.grpc.internal.SharedResourceHolder$Resource,java.lang.Object) -> a
    java.util.concurrent.ScheduledExecutorService access$100(io.grpc.internal.SharedResourceHolder) -> b
    java.lang.Object get(io.grpc.internal.SharedResourceHolder$Resource) -> b
    java.lang.Object release(io.grpc.internal.SharedResourceHolder$Resource,java.lang.Object) -> b
io.grpc.internal.SharedResourceHolder$1 -> c.b.n1.c2$a:
    java.util.concurrent.ScheduledExecutorService createScheduledExecutor() -> a
io.grpc.internal.SharedResourceHolder$2 -> c.b.n1.c2$b:
    io.grpc.internal.SharedResourceHolder$Resource val$resource -> b
    io.grpc.internal.SharedResourceHolder$Instance val$cached -> a
    io.grpc.internal.SharedResourceHolder this$0 -> d
    java.lang.Object val$instance -> c
io.grpc.internal.SharedResourceHolder$Instance -> c.b.n1.c2$c:
    java.lang.Object payload -> a
    int refcount -> b
    java.util.concurrent.ScheduledFuture destroyTask -> c
io.grpc.internal.SharedResourceHolder$Resource -> c.b.n1.c2$d:
    void close(java.lang.Object) -> a
    java.lang.Object create() -> a
io.grpc.internal.SharedResourceHolder$ScheduledExecutorFactory -> c.b.n1.c2$e:
    java.util.concurrent.ScheduledExecutorService createScheduledExecutor() -> a
io.grpc.internal.SharedResourcePool -> c.b.n1.d2:
    io.grpc.internal.SharedResourceHolder$Resource resource -> a
    io.grpc.internal.SharedResourcePool forResource(io.grpc.internal.SharedResourceHolder$Resource) -> a
    java.lang.Object getObject() -> a
    java.lang.Object returnObject(java.lang.Object) -> a
io.grpc.internal.StatsTraceContext -> c.b.n1.e2:
    io.grpc.internal.StatsTraceContext NOOP -> c
    io.grpc.StreamTracer[] tracers -> a
    java.util.concurrent.atomic.AtomicBoolean closed -> b
    void clientInboundHeaders() -> a
    void clientInboundTrailers(io.grpc.Metadata) -> a
    void inboundMessage(int) -> a
    void inboundMessageRead(int,long,long) -> a
    void inboundUncompressedSize(long) -> a
    io.grpc.internal.StatsTraceContext newClientContext(io.grpc.CallOptions,io.grpc.Attributes,io.grpc.Metadata) -> a
    void streamClosed(io.grpc.Status) -> a
    void clientOutboundHeaders() -> b
    void inboundWireSize(long) -> b
    void outboundMessage(int) -> b
    void outboundMessageSent(int,long,long) -> b
    void outboundUncompressedSize(long) -> c
    void outboundWireSize(long) -> d
io.grpc.internal.Stream -> c.b.n1.f2:
    void setCompressor(io.grpc.Compressor) -> a
    void writeMessage(java.io.InputStream) -> a
    void request(int) -> b
io.grpc.internal.StreamListener -> c.b.n1.g2:
    void messagesAvailable(io.grpc.internal.StreamListener$MessageProducer) -> a
    void onReady() -> a
io.grpc.internal.StreamListener$MessageProducer -> c.b.n1.g2$a:
io.grpc.internal.TimeProvider -> c.b.n1.h2:
    io.grpc.internal.TimeProvider SYSTEM_TIME_PROVIDER -> a
    long currentTimeNanos() -> a
io.grpc.internal.TimeProvider$1 -> c.b.n1.h2$a:
    long currentTimeNanos() -> a